<?xml version="1.0" encoding="UTF-8"?>
<!-- Generated by org.testng.reporters.JUnitXMLReporter -->
<testsuite ignored="4" hostname="DESKTOP-H75GT5C" failures="0" tests="1" name="Default test" time="2.368" errors="0" timestamp="2025-04-09T17:20:12 IST">
  <testcase classname="basic.CreatePostRequestBody" name="testPostUsingExtFile" time="2.333"/>
  <testcase classname="basic.CreatePostRequestBody" name="testPostUsingHashmap" time="0.0">
    <ignored/>
  </testcase> <!-- testPostUsingHashmap -->
  <testcase classname="basic.CreatePostRequestBody" name="testPostUsingPojo" time="0.0">
    <ignored/>
  </testcase> <!-- testPostUsingPojo -->
  <testcase classname="basic.CreatePostRequestBody" name="testPostUsingOrgJson" time="0.0">
    <ignored/>
  </testcase> <!-- testPostUsingOrgJson -->
  <testcase classname="basic.CreatePostRequestBody" name="testDelete" time="0.0">
    <ignored/>
  </testcase> <!-- testDelete -->
</testsuite> <!-- Default test -->
