<?xml version="1.0" encoding="UTF-8"?>
<!-- Generated by org.testng.reporters.JUnitXMLReporter -->
<testsuite ignored="0" hostname="DESKTOP-H75GT5C" failures="0" tests="3" name="Default test" time="5.826" errors="0" timestamp="2025-04-14T15:28:39 IST">
  <testcase classname="authentication.AuthenticationTypes" name="testBasicAuthentication" time="3.299"/>
  <testcase classname="authentication.AuthenticationTypes" name="testDigestAuthentication" time="1.31"/>
  <testcase classname="authentication.AuthenticationTypes" name="testPreemptiveAuthentication" time="1.169"/>
</testsuite> <!-- Default test -->
