<?xml version="1.0" encoding="UTF-8"?>
<testng-results ignored="4" total="5" passed="1" failed="0" skipped="0">
  <reporter-output>
  </reporter-output>
  <suite started-at="2025-04-09T17:20:09 IST" name="Default suite" finished-at="2025-04-09T17:20:12 IST" duration-ms="2368">
    <groups>
    </groups>
    <test started-at="2025-04-09T17:20:09 IST" name="Default test" finished-at="2025-04-09T17:20:12 IST" duration-ms="2368">
      <class name="basic.CreatePostRequestBody">
        <test-method signature="testPostUsingExtFile()[pri:0, instance:basic.CreatePostRequestBody@3c46e67a]" started-at="2025-04-09T17:20:09 IST" name="testPostUsingExtFile" finished-at="2025-04-09T17:20:12 IST" duration-ms="2333" status="PASS">
          <reporter-output>
          </reporter-output>
        </test-method> <!-- testPostUsingExtFile -->
      </class> <!-- basic.CreatePostRequestBody -->
    </test> <!-- Default test -->
  </suite> <!-- Default suite -->
</testng-results>
