<?xml version="1.0" encoding="UTF-8"?>
<!-- Generated by org.testng.reporters.JUnitXMLReporter -->
<testsuite ignored="0" hostname="DESKTOP-H75GT5C" failures="0" tests="4" name="Default test" time="3.895" errors="0" timestamp="2025-04-09T13:41:10 IST">
  <testcase classname="basic1.HTTPRequests" name="getUser" time="2.08"/>
  <testcase classname="basic1.HTTPRequests" name="createUser" time="0.99"/>
  <testcase classname="basic1.HTTPRequests" name="updateUser" time="0.402"/>
  <testcase classname="basic1.HTTPRequests" name="deleteUser" time="0.377"/>
</testsuite> <!-- Default test -->
