<?xml version="1.0" encoding="UTF-8"?>
<testng-results ignored="0" total="4" passed="4" failed="0" skipped="0">
  <reporter-output>
  </reporter-output>
  <suite started-at="2025-04-09T13:41:06 IST" name="Default suite" finished-at="2025-04-09T13:41:10 IST" duration-ms="3895">
    <groups>
    </groups>
    <test started-at="2025-04-09T13:41:06 IST" name="Default test" finished-at="2025-04-09T13:41:10 IST" duration-ms="3895">
      <class name="basic1.HTTPRequests">
        <test-method signature="getUser()[pri:0, instance:basic1.HTTPRequests@557caf28]" started-at="2025-04-09T13:41:06 IST" name="getUser" finished-at="2025-04-09T13:41:08 IST" duration-ms="2080" status="PASS">
          <reporter-output>
          </reporter-output>
        </test-method> <!-- getUser -->
        <test-method signature="createUser()[pri:1, instance:basic1.HTTPRequests@557caf28]" started-at="2025-04-09T13:41:08 IST" name="createUser" finished-at="2025-04-09T13:41:09 IST" duration-ms="990" status="PASS">
          <reporter-output>
          </reporter-output>
        </test-method> <!-- createUser -->
        <test-method signature="updateUser()[pri:2, instance:basic1.HTTPRequests@557caf28]" started-at="2025-04-09T13:41:09 IST" name="updateUser" finished-at="2025-04-09T13:41:09 IST" depends-on-methods="basic1.HTTPRequests.createUser" duration-ms="402" status="PASS">
          <reporter-output>
          </reporter-output>
        </test-method> <!-- updateUser -->
        <test-method signature="deleteUser()[pri:3, instance:basic1.HTTPRequests@557caf28]" started-at="2025-04-09T13:41:09 IST" name="deleteUser" finished-at="2025-04-09T13:41:10 IST" duration-ms="377" status="PASS">
          <reporter-output>
          </reporter-output>
        </test-method> <!-- deleteUser -->
      </class> <!-- basic1.HTTPRequests -->
    </test> <!-- Default test -->
  </suite> <!-- Default suite -->
</testng-results>
