<?xml version="1.0" encoding="UTF-8"?>
<testng-results ignored="0" total="4" passed="4" failed="0" skipped="0">
  <reporter-output>
  </reporter-output>
  <suite started-at="2025-04-10T09:10:17 IST" name="Default suite" finished-at="2025-04-10T09:10:22 IST" duration-ms="4275">
    <groups>
    </groups>
    <test started-at="2025-04-10T09:10:17 IST" name="Default test" finished-at="2025-04-10T09:10:22 IST" duration-ms="4275">
      <class name="apiAutomation.HTTPRequests">
        <test-method signature="getUser()[pri:0, instance:apiAutomation.HTTPRequests@206a70ef]" started-at="2025-04-10T09:10:17 IST" name="getUser" finished-at="2025-04-10T09:10:20 IST" duration-ms="2676" status="PASS">
          <reporter-output>
          </reporter-output>
        </test-method> <!-- getUser -->
        <test-method signature="createUser()[pri:1, instance:apiAutomation.HTTPRequests@206a70ef]" started-at="2025-04-10T09:10:20 IST" name="createUser" finished-at="2025-04-10T09:10:21 IST" duration-ms="513" status="PASS">
          <reporter-output>
          </reporter-output>
        </test-method> <!-- createUser -->
        <test-method signature="updateUser()[pri:2, instance:apiAutomation.HTTPRequests@206a70ef]" started-at="2025-04-10T09:10:21 IST" name="updateUser" finished-at="2025-04-10T09:10:21 IST" depends-on-methods="apiAutomation.HTTPRequests.createUser" duration-ms="644" status="PASS">
          <reporter-output>
          </reporter-output>
        </test-method> <!-- updateUser -->
        <test-method signature="deleteUser()[pri:3, instance:apiAutomation.HTTPRequests@206a70ef]" started-at="2025-04-10T09:10:21 IST" name="deleteUser" finished-at="2025-04-10T09:10:22 IST" duration-ms="399" status="PASS">
          <reporter-output>
          </reporter-output>
        </test-method> <!-- deleteUser -->
      </class> <!-- apiAutomation.HTTPRequests -->
    </test> <!-- Default test -->
  </suite> <!-- Default suite -->
</testng-results>
