<?xml version="1.0" encoding="UTF-8"?>
<testng-results ignored="0" total="1" passed="1" failed="0" skipped="0">
  <reporter-output>
  </reporter-output>
  <suite started-at="2025-04-16T16:10:24 IST" name="Default suite" finished-at="2025-04-16T16:10:27 IST" duration-ms="2918">
    <groups>
    </groups>
    <test started-at="2025-04-16T16:10:24 IST" name="Default test" finished-at="2025-04-16T16:10:27 IST" duration-ms="2918">
      <class name="apiEndpoints.UserTests">
        <test-method is-config="true" signature="setupData()[pri:0, instance:apiEndpoints.UserTests@6c40365c]" started-at="2025-04-16T16:10:24 IST" name="setupData" finished-at="2025-04-16T16:10:24 IST" duration-ms="181" status="PASS">
          <reporter-output>
          </reporter-output>
        </test-method> <!-- setupData -->
        <test-method signature="testPostUser()[pri:1, instance:apiEndpoints.UserTests@6c40365c]" started-at="2025-04-16T16:10:24 IST" name="testPostUser" finished-at="2025-04-16T16:10:27 IST" duration-ms="2693" status="PASS">
          <reporter-output>
          </reporter-output>
        </test-method> <!-- testPostUser -->
      </class> <!-- apiEndpoints.UserTests -->
    </test> <!-- Default test -->
  </suite> <!-- Default suite -->
</testng-results>
